[debug] [2021-02-03T15:47:10.040Z] ----------------------------------------------------------------------
[debug] [2021-02-03T15:47:10.043Z] Command:       /usr/bin/node /usr/local/bin/firebase serve --only functions
[debug] [2021-02-03T15:47:10.043Z] CLI Version:   9.3.0
[debug] [2021-02-03T15:47:10.043Z] Platform:      linux
[debug] [2021-02-03T15:47:10.044Z] Node Version:  v10.19.0
[debug] [2021-02-03T15:47:10.044Z] Time:          Wed Feb 03 2021 17:47:10 GMT+0200 (South Africa Standard Time)
[debug] [2021-02-03T15:47:10.044Z] ----------------------------------------------------------------------
[debug] [2021-02-03T15:47:10.044Z] 
[debug] [2021-02-03T15:47:10.053Z] > command requires scopes: ["email","openid","https://www.googleapis.com/auth/cloudplatformprojects.readonly","https://www.googleapis.com/auth/firebase","https://www.googleapis.com/auth/cloud-platform"]
[debug] [2021-02-03T15:47:10.053Z] > authorizing via signed-in user
[debug] [2021-02-03T15:47:10.054Z] [iam] checking project property24mock-bf46a for permissions ["firebase.projects.get"]
[debug] [2021-02-03T15:47:10.057Z] >>> HTTP REQUEST POST https://cloudresourcemanager.googleapis.com/v1/projects/property24mock-bf46a:testIamPermissions  
 {"permissions":["firebase.projects.get"]}
[debug] [2021-02-03T15:47:11.973Z] <<< HTTP RESPONSE 200 {"content-type":"application/json; charset=UTF-8","vary":"X-Origin, Referer, Origin,Accept-Encoding","date":"Wed, 03 Feb 2021 15:47:11 GMT","server":"ESF","cache-control":"private","x-xss-protection":"0","x-frame-options":"SAMEORIGIN","x-content-type-options":"nosniff","server-timing":"gfet4t7; dur=1500","alt-svc":"h3-29=\":443\"; ma=2592000,h3-T051=\":443\"; ma=2592000,h3-Q050=\":443\"; ma=2592000,h3-Q046=\":443\"; ma=2592000,h3-Q043=\":443\"; ma=2592000,quic=\":443\"; ma=2592000; v=\"46,43\"","accept-ranges":"none","transfer-encoding":"chunked"}
[debug] [2021-02-03T15:47:11.983Z] > refreshing access token with scopes: []
[debug] [2021-02-03T15:47:11.984Z] >>> HTTP REQUEST POST https://www.googleapis.com/oauth2/v3/token  
 <request body omitted>
[debug] [2021-02-03T15:47:13.577Z] <<< HTTP RESPONSE 200 {"cache-control":"no-cache, no-store, max-age=0, must-revalidate","pragma":"no-cache","date":"Wed, 03 Feb 2021 15:47:13 GMT","expires":"Mon, 01 Jan 1990 00:00:00 GMT","content-type":"application/json; charset=utf-8","vary":"X-Origin, Referer, Origin,Accept-Encoding","server":"scaffolding on HTTPServer2","x-xss-protection":"0","x-frame-options":"SAMEORIGIN","x-content-type-options":"nosniff","alt-svc":"h3-29=\":443\"; ma=2592000,h3-T051=\":443\"; ma=2592000,h3-Q050=\":443\"; ma=2592000,h3-Q046=\":443\"; ma=2592000,h3-Q043=\":443\"; ma=2592000,quic=\":443\"; ma=2592000; v=\"46,43\"","accept-ranges":"none","transfer-encoding":"chunked"}
[debug] [2021-02-03T15:47:13.696Z] >>> [apiv2][query] GET https://firebase.googleapis.com/v1beta1/projects/property24mock-bf46a [none]
[debug] [2021-02-03T15:47:14.926Z] <<< [apiv2][status] GET https://firebase.googleapis.com/v1beta1/projects/property24mock-bf46a 200
[debug] [2021-02-03T15:47:14.927Z] <<< [apiv2][body] GET https://firebase.googleapis.com/v1beta1/projects/property24mock-bf46a {"projectId":"property24mock-bf46a","projectNumber":"713219223732","displayName":"property24mock","name":"projects/property24mock-bf46a","resources":{"hostingSite":"property24mock-bf46a","storageBucket":"property24mock-bf46a.appspot.com","locationId":"europe-west"},"state":"ACTIVE"}
[warn] ⚠  Your requested "node" version "12" doesn't match your global version "10" {"metadata":{"emulator":{"name":"functions"},"message":"Your requested \"node\" version \"12\" doesn't match your global version \"10\""}}
[debug] [2021-02-03T15:47:14.948Z] defaultcredentials: writing to file /home/ngelemar/.config/firebase/ngelemarweapons_gmail_com_application_default_credentials.json
[debug] [2021-02-03T15:47:15.022Z] Setting GAC to /home/ngelemar/.config/firebase/ngelemarweapons_gmail_com_application_default_credentials.json {"metadata":{"emulator":{"name":"functions"},"message":"Setting GAC to /home/ngelemar/.config/firebase/ngelemarweapons_gmail_com_application_default_credentials.json"}}
[debug] [2021-02-03T15:47:15.026Z] >>> [apiv2][query] GET https://firebase.googleapis.com/v1beta1/projects/property24mock-bf46a/adminSdkConfig [none]
[debug] [2021-02-03T15:47:15.757Z] <<< [apiv2][status] GET https://firebase.googleapis.com/v1beta1/projects/property24mock-bf46a/adminSdkConfig 200
[debug] [2021-02-03T15:47:15.758Z] <<< [apiv2][body] GET https://firebase.googleapis.com/v1beta1/projects/property24mock-bf46a/adminSdkConfig {"projectId":"property24mock-bf46a","storageBucket":"property24mock-bf46a.appspot.com","locationId":"europe-west"}
[info] i  functions: Watching "/home/ngelemar/Documents/projects/zaio/phase2/property24mock/functions" for Cloud Functions... {"metadata":{"emulator":{"name":"functions"},"message":"Watching \"/home/ngelemar/Documents/projects/zaio/phase2/property24mock/functions\" for Cloud Functions..."}}
[debug] [2021-02-03T15:47:15.926Z] [worker-pool] addWorker(~diagnostic~) {"metadata":{"emulator":{"name":"functions"},"message":"[worker-pool] addWorker(~diagnostic~)"}}
[debug] [2021-02-03T15:47:15.927Z] [worker-pool] Adding worker with key ~diagnostic~, total=1 {"metadata":{"emulator":{"name":"functions"},"message":"[worker-pool] Adding worker with key ~diagnostic~, total=1"}}
[debug] [2021-02-03T15:47:15.927Z] [worker-pool] submitWork(triggerId=) {"metadata":{"emulator":{"name":"functions"},"message":"[worker-pool] submitWork(triggerId=)"}}
[debug] [2021-02-03T15:47:15.927Z] [worker-~diagnostic~-99e9fb49-d417-44ca-90b0-beaeba8b5c78]: Assigning socketPath: /tmp/fire_emu_141048.sock {"metadata":{"emulator":{"name":"functions"},"message":"[worker-~diagnostic~-99e9fb49-d417-44ca-90b0-beaeba8b5c78]: Assigning socketPath: /tmp/fire_emu_141048.sock"}}
[debug] [2021-02-03T15:47:15.928Z] [worker-~diagnostic~-99e9fb49-d417-44ca-90b0-beaeba8b5c78]: BUSY {"metadata":{"emulator":{"name":"functions"},"message":"[worker-~diagnostic~-99e9fb49-d417-44ca-90b0-beaeba8b5c78]: BUSY"}}
[debug] [2021-02-03T15:47:16.707Z] [runtime-status] [141048] Functions runtime initialized. {"cwd":"/home/ngelemar/Documents/projects/zaio/phase2/property24mock/functions","node_version":"10.19.0"} {"metadata":{"emulator":{"name":"functions"},"message":"[runtime-status] [141048] Functions runtime initialized. {\"cwd\":\"/home/ngelemar/Documents/projects/zaio/phase2/property24mock/functions\",\"node_version\":\"10.19.0\"}"}}
[debug] [2021-02-03T15:47:16.709Z] [runtime-status] [141048] Disabled runtime features: undefined {"metadata":{"emulator":{"name":"functions"},"message":"[runtime-status] [141048] Disabled runtime features: undefined"}}
[debug] [2021-02-03T15:47:16.712Z] [runtime-status] [141048] Resolved module firebase-admin {"declared":true,"installed":true,"version":"9.4.2","resolution":"/home/ngelemar/Documents/projects/zaio/phase2/property24mock/functions/node_modules/firebase-admin/lib/index.js"} {"metadata":{"emulator":{"name":"functions"},"message":"[runtime-status] [141048] Resolved module firebase-admin {\"declared\":true,\"installed\":true,\"version\":\"9.4.2\",\"resolution\":\"/home/ngelemar/Documents/projects/zaio/phase2/property24mock/functions/node_modules/firebase-admin/lib/index.js\"}"}}
[debug] [2021-02-03T15:47:16.713Z] [runtime-status] [141048] Resolved module firebase-functions {"declared":true,"installed":true,"version":"3.13.1","resolution":"/home/ngelemar/Documents/projects/zaio/phase2/property24mock/functions/node_modules/firebase-functions/lib/index.js"} {"metadata":{"emulator":{"name":"functions"},"message":"[runtime-status] [141048] Resolved module firebase-functions {\"declared\":true,\"installed\":true,\"version\":\"3.13.1\",\"resolution\":\"/home/ngelemar/Documents/projects/zaio/phase2/property24mock/functions/node_modules/firebase-functions/lib/index.js\"}"}}
[debug] [2021-02-03T15:47:16.714Z] [runtime-status] [141048] Resolved module firebase-functions {"declared":true,"installed":true,"version":"3.13.1","resolution":"/home/ngelemar/Documents/projects/zaio/phase2/property24mock/functions/node_modules/firebase-functions/lib/index.js"} {"metadata":{"emulator":{"name":"functions"},"message":"[runtime-status] [141048] Resolved module firebase-functions {\"declared\":true,\"installed\":true,\"version\":\"3.13.1\",\"resolution\":\"/home/ngelemar/Documents/projects/zaio/phase2/property24mock/functions/node_modules/firebase-functions/lib/index.js\"}"}}
[debug] [2021-02-03T15:47:16.719Z] [runtime-status] [141048] Outgoing network have been stubbed. [{"name":"http","status":"mocked"},{"name":"http","status":"mocked"},{"name":"https","status":"mocked"},{"name":"https","status":"mocked"},{"name":"net","status":"mocked"}] {"metadata":{"emulator":{"name":"functions"},"message":"[runtime-status] [141048] Outgoing network have been stubbed. [{\"name\":\"http\",\"status\":\"mocked\"},{\"name\":\"http\",\"status\":\"mocked\"},{\"name\":\"https\",\"status\":\"mocked\"},{\"name\":\"https\",\"status\":\"mocked\"},{\"name\":\"net\",\"status\":\"mocked\"}]"}}
[debug] [2021-02-03T15:47:16.720Z] [runtime-status] [141048] Resolved module firebase-functions {"declared":true,"installed":true,"version":"3.13.1","resolution":"/home/ngelemar/Documents/projects/zaio/phase2/property24mock/functions/node_modules/firebase-functions/lib/index.js"} {"metadata":{"emulator":{"name":"functions"},"message":"[runtime-status] [141048] Resolved module firebase-functions {\"declared\":true,\"installed\":true,\"version\":\"3.13.1\",\"resolution\":\"/home/ngelemar/Documents/projects/zaio/phase2/property24mock/functions/node_modules/firebase-functions/lib/index.js\"}"}}
[debug] [2021-02-03T15:47:17.039Z] [runtime-status] [141048] Checked functions.config() {"config":{}} {"metadata":{"emulator":{"name":"functions"},"message":"[runtime-status] [141048] Checked functions.config() {\"config\":{}}"}}
[debug] [2021-02-03T15:47:17.040Z] [runtime-status] [141048] firebase-functions has been stubbed. {"functionsResolution":{"declared":true,"installed":true,"version":"3.13.1","resolution":"/home/ngelemar/Documents/projects/zaio/phase2/property24mock/functions/node_modules/firebase-functions/lib/index.js"}} {"metadata":{"emulator":{"name":"functions"},"message":"[runtime-status] [141048] firebase-functions has been stubbed. {\"functionsResolution\":{\"declared\":true,\"installed\":true,\"version\":\"3.13.1\",\"resolution\":\"/home/ngelemar/Documents/projects/zaio/phase2/property24mock/functions/node_modules/firebase-functions/lib/index.js\"}}"}}
[debug] [2021-02-03T15:47:17.042Z] [runtime-status] [141048] Resolved module firebase-functions {"declared":true,"installed":true,"version":"3.13.1","resolution":"/home/ngelemar/Documents/projects/zaio/phase2/property24mock/functions/node_modules/firebase-functions/lib/index.js"} {"metadata":{"emulator":{"name":"functions"},"message":"[runtime-status] [141048] Resolved module firebase-functions {\"declared\":true,\"installed\":true,\"version\":\"3.13.1\",\"resolution\":\"/home/ngelemar/Documents/projects/zaio/phase2/property24mock/functions/node_modules/firebase-functions/lib/index.js\"}"}}
[debug] [2021-02-03T15:47:17.045Z] [runtime-status] [141048] Resolved module firebase-admin {"declared":true,"installed":true,"version":"9.4.2","resolution":"/home/ngelemar/Documents/projects/zaio/phase2/property24mock/functions/node_modules/firebase-admin/lib/index.js"} {"metadata":{"emulator":{"name":"functions"},"message":"[runtime-status] [141048] Resolved module firebase-admin {\"declared\":true,\"installed\":true,\"version\":\"9.4.2\",\"resolution\":\"/home/ngelemar/Documents/projects/zaio/phase2/property24mock/functions/node_modules/firebase-admin/lib/index.js\"}"}}
[debug] [2021-02-03T15:47:17.046Z] [runtime-status] [141048] Resolved module firebase-functions {"declared":true,"installed":true,"version":"3.13.1","resolution":"/home/ngelemar/Documents/projects/zaio/phase2/property24mock/functions/node_modules/firebase-functions/lib/index.js"} {"metadata":{"emulator":{"name":"functions"},"message":"[runtime-status] [141048] Resolved module firebase-functions {\"declared\":true,\"installed\":true,\"version\":\"3.13.1\",\"resolution\":\"/home/ngelemar/Documents/projects/zaio/phase2/property24mock/functions/node_modules/firebase-functions/lib/index.js\"}"}}
[debug] [2021-02-03T15:47:17.048Z] [runtime-status] [141048] firebase-admin has been stubbed. {"adminResolution":{"declared":true,"installed":true,"version":"9.4.2","resolution":"/home/ngelemar/Documents/projects/zaio/phase2/property24mock/functions/node_modules/firebase-admin/lib/index.js"}} {"metadata":{"emulator":{"name":"functions"},"message":"[runtime-status] [141048] firebase-admin has been stubbed. {\"adminResolution\":{\"declared\":true,\"installed\":true,\"version\":\"9.4.2\",\"resolution\":\"/home/ngelemar/Documents/projects/zaio/phase2/property24mock/functions/node_modules/firebase-admin/lib/index.js\"}}"}}
[info] ✔  functions[helloWorld]: http function initialized (http://localhost:5000/property24mock-bf46a/us-central1/helloWorld). {"metadata":{"emulator":{"name":"functions"},"message":"\u001b[1mhttp\u001b[22m function initialized (http://localhost:5000/property24mock-bf46a/us-central1/helloWorld)."}}
[debug] [2021-02-03T15:47:17.088Z] [worker-~diagnostic~-99e9fb49-d417-44ca-90b0-beaeba8b5c78]: IDLE {"metadata":{"emulator":{"name":"functions"},"message":"[worker-~diagnostic~-99e9fb49-d417-44ca-90b0-beaeba8b5c78]: IDLE"}}
[debug] [2021-02-03T15:47:44.811Z] [work-queue] {"queueLength":1,"workRunningCount":0}
[debug] [2021-02-03T15:47:44.811Z] [work-queue] {"queueLength":0,"workRunningCount":1}
[debug] [2021-02-03T15:47:44.812Z] Accepted request GET /property24mock-bf46a/us-central1/helloWorld --> helloWorld
[debug] [2021-02-03T15:47:44.820Z] [worker-pool] addWorker(helloWorld) {"metadata":{"emulator":{"name":"functions"},"message":"[worker-pool] addWorker(helloWorld)"}}
[debug] [2021-02-03T15:47:44.821Z] [worker-pool] Adding worker with key helloWorld, total=1 {"metadata":{"emulator":{"name":"functions"},"message":"[worker-pool] Adding worker with key helloWorld, total=1"}}
[debug] [2021-02-03T15:47:44.821Z] [worker-pool] submitWork(triggerId=helloWorld) {"metadata":{"emulator":{"name":"functions"},"message":"[worker-pool] submitWork(triggerId=helloWorld)"}}
[debug] [2021-02-03T15:47:44.821Z] [worker-helloWorld-c567ff7e-7155-4aa8-819e-f41c1e7742f1]: Assigning socketPath: /tmp/fire_emu_141106.sock {"metadata":{"emulator":{"name":"functions"},"message":"[worker-helloWorld-c567ff7e-7155-4aa8-819e-f41c1e7742f1]: Assigning socketPath: /tmp/fire_emu_141106.sock"}}
[debug] [2021-02-03T15:47:44.821Z] [worker-helloWorld-c567ff7e-7155-4aa8-819e-f41c1e7742f1]: BUSY {"metadata":{"emulator":{"name":"functions"},"message":"[worker-helloWorld-c567ff7e-7155-4aa8-819e-f41c1e7742f1]: BUSY"}}
[debug] [2021-02-03T15:47:45.533Z] [runtime-status] [141106] Functions runtime initialized. {"cwd":"/home/ngelemar/Documents/projects/zaio/phase2/property24mock/functions","node_version":"10.19.0"} {"metadata":{"emulator":{"name":"functions"},"function":{"name":"helloWorld"},"message":"[runtime-status] [141106] Functions runtime initialized. {\"cwd\":\"/home/ngelemar/Documents/projects/zaio/phase2/property24mock/functions\",\"node_version\":\"10.19.0\"}"}}
[debug] [2021-02-03T15:47:45.535Z] [runtime-status] [141106] Disabled runtime features: undefined {"metadata":{"emulator":{"name":"functions"},"function":{"name":"helloWorld"},"message":"[runtime-status] [141106] Disabled runtime features: undefined"}}
[debug] [2021-02-03T15:47:45.538Z] [runtime-status] [141106] Resolved module firebase-admin {"declared":true,"installed":true,"version":"9.4.2","resolution":"/home/ngelemar/Documents/projects/zaio/phase2/property24mock/functions/node_modules/firebase-admin/lib/index.js"} {"metadata":{"emulator":{"name":"functions"},"function":{"name":"helloWorld"},"message":"[runtime-status] [141106] Resolved module firebase-admin {\"declared\":true,\"installed\":true,\"version\":\"9.4.2\",\"resolution\":\"/home/ngelemar/Documents/projects/zaio/phase2/property24mock/functions/node_modules/firebase-admin/lib/index.js\"}"}}
[debug] [2021-02-03T15:47:45.539Z] [runtime-status] [141106] Resolved module firebase-functions {"declared":true,"installed":true,"version":"3.13.1","resolution":"/home/ngelemar/Documents/projects/zaio/phase2/property24mock/functions/node_modules/firebase-functions/lib/index.js"} {"metadata":{"emulator":{"name":"functions"},"function":{"name":"helloWorld"},"message":"[runtime-status] [141106] Resolved module firebase-functions {\"declared\":true,\"installed\":true,\"version\":\"3.13.1\",\"resolution\":\"/home/ngelemar/Documents/projects/zaio/phase2/property24mock/functions/node_modules/firebase-functions/lib/index.js\"}"}}
[debug] [2021-02-03T15:47:45.541Z] [runtime-status] [141106] Resolved module firebase-functions {"declared":true,"installed":true,"version":"3.13.1","resolution":"/home/ngelemar/Documents/projects/zaio/phase2/property24mock/functions/node_modules/firebase-functions/lib/index.js"} {"metadata":{"emulator":{"name":"functions"},"function":{"name":"helloWorld"},"message":"[runtime-status] [141106] Resolved module firebase-functions {\"declared\":true,\"installed\":true,\"version\":\"3.13.1\",\"resolution\":\"/home/ngelemar/Documents/projects/zaio/phase2/property24mock/functions/node_modules/firebase-functions/lib/index.js\"}"}}
[debug] [2021-02-03T15:47:45.546Z] [runtime-status] [141106] Outgoing network have been stubbed. [{"name":"http","status":"mocked"},{"name":"http","status":"mocked"},{"name":"https","status":"mocked"},{"name":"https","status":"mocked"},{"name":"net","status":"mocked"}] {"metadata":{"emulator":{"name":"functions"},"function":{"name":"helloWorld"},"message":"[runtime-status] [141106] Outgoing network have been stubbed. [{\"name\":\"http\",\"status\":\"mocked\"},{\"name\":\"http\",\"status\":\"mocked\"},{\"name\":\"https\",\"status\":\"mocked\"},{\"name\":\"https\",\"status\":\"mocked\"},{\"name\":\"net\",\"status\":\"mocked\"}]"}}
[debug] [2021-02-03T15:47:45.547Z] [runtime-status] [141106] Resolved module firebase-functions {"declared":true,"installed":true,"version":"3.13.1","resolution":"/home/ngelemar/Documents/projects/zaio/phase2/property24mock/functions/node_modules/firebase-functions/lib/index.js"} {"metadata":{"emulator":{"name":"functions"},"function":{"name":"helloWorld"},"message":"[runtime-status] [141106] Resolved module firebase-functions {\"declared\":true,\"installed\":true,\"version\":\"3.13.1\",\"resolution\":\"/home/ngelemar/Documents/projects/zaio/phase2/property24mock/functions/node_modules/firebase-functions/lib/index.js\"}"}}
[debug] [2021-02-03T15:47:45.600Z] [runtime-status] [141106] Checked functions.config() {"config":{}} {"metadata":{"emulator":{"name":"functions"},"function":{"name":"helloWorld"},"message":"[runtime-status] [141106] Checked functions.config() {\"config\":{}}"}}
[debug] [2021-02-03T15:47:45.600Z] [runtime-status] [141106] firebase-functions has been stubbed. {"functionsResolution":{"declared":true,"installed":true,"version":"3.13.1","resolution":"/home/ngelemar/Documents/projects/zaio/phase2/property24mock/functions/node_modules/firebase-functions/lib/index.js"}} {"metadata":{"emulator":{"name":"functions"},"function":{"name":"helloWorld"},"message":"[runtime-status] [141106] firebase-functions has been stubbed. {\"functionsResolution\":{\"declared\":true,\"installed\":true,\"version\":\"3.13.1\",\"resolution\":\"/home/ngelemar/Documents/projects/zaio/phase2/property24mock/functions/node_modules/firebase-functions/lib/index.js\"}}"}}
[debug] [2021-02-03T15:47:45.601Z] [runtime-status] [141106] Resolved module firebase-functions {"declared":true,"installed":true,"version":"3.13.1","resolution":"/home/ngelemar/Documents/projects/zaio/phase2/property24mock/functions/node_modules/firebase-functions/lib/index.js"} {"metadata":{"emulator":{"name":"functions"},"function":{"name":"helloWorld"},"message":"[runtime-status] [141106] Resolved module firebase-functions {\"declared\":true,\"installed\":true,\"version\":\"3.13.1\",\"resolution\":\"/home/ngelemar/Documents/projects/zaio/phase2/property24mock/functions/node_modules/firebase-functions/lib/index.js\"}"}}
[debug] [2021-02-03T15:47:45.602Z] [runtime-status] [141106] Resolved module firebase-admin {"declared":true,"installed":true,"version":"9.4.2","resolution":"/home/ngelemar/Documents/projects/zaio/phase2/property24mock/functions/node_modules/firebase-admin/lib/index.js"} {"metadata":{"emulator":{"name":"functions"},"function":{"name":"helloWorld"},"message":"[runtime-status] [141106] Resolved module firebase-admin {\"declared\":true,\"installed\":true,\"version\":\"9.4.2\",\"resolution\":\"/home/ngelemar/Documents/projects/zaio/phase2/property24mock/functions/node_modules/firebase-admin/lib/index.js\"}"}}
[debug] [2021-02-03T15:47:45.603Z] [runtime-status] [141106] Resolved module firebase-functions {"declared":true,"installed":true,"version":"3.13.1","resolution":"/home/ngelemar/Documents/projects/zaio/phase2/property24mock/functions/node_modules/firebase-functions/lib/index.js"} {"metadata":{"emulator":{"name":"functions"},"function":{"name":"helloWorld"},"message":"[runtime-status] [141106] Resolved module firebase-functions {\"declared\":true,\"installed\":true,\"version\":\"3.13.1\",\"resolution\":\"/home/ngelemar/Documents/projects/zaio/phase2/property24mock/functions/node_modules/firebase-functions/lib/index.js\"}"}}
[debug] [2021-02-03T15:47:45.603Z] [runtime-status] [141106] firebase-admin has been stubbed. {"adminResolution":{"declared":true,"installed":true,"version":"9.4.2","resolution":"/home/ngelemar/Documents/projects/zaio/phase2/property24mock/functions/node_modules/firebase-admin/lib/index.js"}} {"metadata":{"emulator":{"name":"functions"},"function":{"name":"helloWorld"},"message":"[runtime-status] [141106] firebase-admin has been stubbed. {\"adminResolution\":{\"declared\":true,\"installed\":true,\"version\":\"9.4.2\",\"resolution\":\"/home/ngelemar/Documents/projects/zaio/phase2/property24mock/functions/node_modules/firebase-admin/lib/index.js\"}}"}}
[debug] [2021-02-03T15:47:45.606Z] [runtime-status] [141106] Trigger "helloWorld" has been found, beginning invocation! {"metadata":{"emulator":{"name":"functions"},"function":{"name":"helloWorld"},"message":"[runtime-status] [141106] Trigger \"helloWorld\" has been found, beginning invocation!"}}
[info] i  functions: Beginning execution of "helloWorld" {"metadata":{"emulator":{"name":"functions"},"function":{"name":"helloWorld"},"message":"Beginning execution of \"helloWorld\""}}
[debug] [2021-02-03T15:47:45.607Z] [runtime-status] [141106] triggerDefinition {"httpsTrigger":{},"name":"helloWorld","entryPoint":"helloWorld"} {"metadata":{"emulator":{"name":"functions"},"function":{"name":"helloWorld"},"message":"[runtime-status] [141106] triggerDefinition {\"httpsTrigger\":{},\"name\":\"helloWorld\",\"entryPoint\":\"helloWorld\"}"}}
[debug] [2021-02-03T15:47:45.607Z] [runtime-status] [141106] Running helloWorld in mode HTTPS {"metadata":{"emulator":{"name":"functions"},"function":{"name":"helloWorld"},"message":"[runtime-status] [141106] Running helloWorld in mode HTTPS"}}
[debug] [2021-02-03T15:47:45.614Z] [runtime-status] [141106] Attempting to listen to socketPath: /tmp/fire_emu_141106.sock {"metadata":{"emulator":{"name":"functions"},"function":{"name":"helloWorld"},"message":"[runtime-status] [141106] Attempting to listen to socketPath: /tmp/fire_emu_141106.sock"}}
[debug] [2021-02-03T15:47:45.620Z] [functions] Runtime ready! Sending request! {"metadata":{"emulator":{"name":"functions"},"message":"[functions] Runtime ready! Sending request!"}}
[debug] [2021-02-03T15:47:45.623Z] [functions] Got req.url=/property24mock-bf46a/us-central1/helloWorld, mapping to path=/ {"metadata":{"emulator":{"name":"functions"},"message":"[functions] Got req.url=/property24mock-bf46a/us-central1/helloWorld, mapping to path=/"}}
[debug] [2021-02-03T15:47:45.709Z] [runtime-status] [141106] Ephemeral server handling GET request {"metadata":{"emulator":{"name":"functions"},"function":{"name":"helloWorld"},"message":"[runtime-status] [141106] Ephemeral server handling GET request"}}
[info] >  {"structuredData":true,"severity":"INFO","message":"Hello logs!"} {"user":{"structuredData":true,"severity":"INFO","message":"Hello logs!"},"metadata":{"emulator":{"name":"functions"},"function":{"name":"helloWorld"},"message":"\u001b[90m> \u001b[39m {\"structuredData\":true,\"severity\":\"INFO\",\"message\":\"Hello logs!\"}"}}
[debug] [2021-02-03T15:47:45.725Z] [runtime-status] [141106] Ephemeral server survived. {"metadata":{"emulator":{"name":"functions"},"function":{"name":"helloWorld"},"message":"[runtime-status] [141106] Ephemeral server survived."}}
[info] i  functions: Finished "helloWorld" in ~1s {"metadata":{"emulator":{"name":"functions"},"function":{"name":"helloWorld"},"message":"Finished \"helloWorld\" in ~1s"}}
[debug] [2021-02-03T15:47:45.726Z] [worker-helloWorld-c567ff7e-7155-4aa8-819e-f41c1e7742f1]: IDLE {"metadata":{"emulator":{"name":"functions"},"message":"[worker-helloWorld-c567ff7e-7155-4aa8-819e-f41c1e7742f1]: IDLE"}}
[debug] [2021-02-03T15:47:45.727Z] [work-queue] {"queueLength":0,"workRunningCount":0}
[debug] [2021-02-03T15:49:12.686Z] [work-queue] {"queueLength":1,"workRunningCount":0}
[debug] [2021-02-03T15:49:12.686Z] [work-queue] {"queueLength":0,"workRunningCount":1}
[debug] [2021-02-03T15:49:12.687Z] Accepted request GET /property24mock-bf46a/us-central1/helloWorld --> helloWorld
[debug] [2021-02-03T15:49:12.687Z] [worker-pool] submitWork(triggerId=helloWorld) {"metadata":{"emulator":{"name":"functions"},"message":"[worker-pool] submitWork(triggerId=helloWorld)"}}
[debug] [2021-02-03T15:49:12.687Z] [worker-helloWorld-c567ff7e-7155-4aa8-819e-f41c1e7742f1]: Assigning socketPath: /tmp/fire_emu_141106.sock {"metadata":{"emulator":{"name":"functions"},"message":"[worker-helloWorld-c567ff7e-7155-4aa8-819e-f41c1e7742f1]: Assigning socketPath: /tmp/fire_emu_141106.sock"}}
[debug] [2021-02-03T15:49:12.688Z] [worker-helloWorld-c567ff7e-7155-4aa8-819e-f41c1e7742f1]: BUSY {"metadata":{"emulator":{"name":"functions"},"message":"[worker-helloWorld-c567ff7e-7155-4aa8-819e-f41c1e7742f1]: BUSY"}}
[debug] [2021-02-03T15:49:12.688Z] [runtime-status] [141106] Trigger "helloWorld" has been found, beginning invocation! {"metadata":{"emulator":{"name":"functions"},"function":{"name":"helloWorld"},"message":"[runtime-status] [141106] Trigger \"helloWorld\" has been found, beginning invocation!"}}
[info] i  functions: Beginning execution of "helloWorld" {"metadata":{"emulator":{"name":"functions"},"function":{"name":"helloWorld"},"message":"Beginning execution of \"helloWorld\""}}
[debug] [2021-02-03T15:49:12.689Z] [runtime-status] [141106] triggerDefinition {"httpsTrigger":{},"name":"helloWorld","entryPoint":"helloWorld"} {"metadata":{"emulator":{"name":"functions"},"function":{"name":"helloWorld"},"message":"[runtime-status] [141106] triggerDefinition {\"httpsTrigger\":{},\"name\":\"helloWorld\",\"entryPoint\":\"helloWorld\"}"}}
[debug] [2021-02-03T15:49:12.689Z] [runtime-status] [141106] Running helloWorld in mode HTTPS {"metadata":{"emulator":{"name":"functions"},"function":{"name":"helloWorld"},"message":"[runtime-status] [141106] Running helloWorld in mode HTTPS"}}
[debug] [2021-02-03T15:49:12.690Z] [runtime-status] [141106] Attempting to listen to socketPath: /tmp/fire_emu_141106.sock {"metadata":{"emulator":{"name":"functions"},"function":{"name":"helloWorld"},"message":"[runtime-status] [141106] Attempting to listen to socketPath: /tmp/fire_emu_141106.sock"}}
[debug] [2021-02-03T15:49:12.692Z] [functions] Runtime ready! Sending request! {"metadata":{"emulator":{"name":"functions"},"message":"[functions] Runtime ready! Sending request!"}}
[debug] [2021-02-03T15:49:12.693Z] [functions] Got req.url=/property24mock-bf46a/us-central1/helloWorld, mapping to path=/ {"metadata":{"emulator":{"name":"functions"},"message":"[functions] Got req.url=/property24mock-bf46a/us-central1/helloWorld, mapping to path=/"}}
[debug] [2021-02-03T15:49:12.701Z] [runtime-status] [141106] Ephemeral server handling GET request {"metadata":{"emulator":{"name":"functions"},"function":{"name":"helloWorld"},"message":"[runtime-status] [141106] Ephemeral server handling GET request"}}
[info] >  {"structuredData":true,"severity":"INFO","message":"Hello logs!"} {"user":{"structuredData":true,"severity":"INFO","message":"Hello logs!"},"metadata":{"emulator":{"name":"functions"},"function":{"name":"helloWorld"},"message":"\u001b[90m> \u001b[39m {\"structuredData\":true,\"severity\":\"INFO\",\"message\":\"Hello logs!\"}"}}
[debug] [2021-02-03T15:49:12.704Z] [runtime-status] [141106] Ephemeral server survived. {"metadata":{"emulator":{"name":"functions"},"function":{"name":"helloWorld"},"message":"[runtime-status] [141106] Ephemeral server survived."}}
[info] i  functions: Finished "helloWorld" in ~1s {"metadata":{"emulator":{"name":"functions"},"function":{"name":"helloWorld"},"message":"Finished \"helloWorld\" in ~1s"}}
[debug] [2021-02-03T15:49:12.705Z] [worker-helloWorld-c567ff7e-7155-4aa8-819e-f41c1e7742f1]: IDLE {"metadata":{"emulator":{"name":"functions"},"message":"[worker-helloWorld-c567ff7e-7155-4aa8-819e-f41c1e7742f1]: IDLE"}}
[debug] [2021-02-03T15:49:12.705Z] [work-queue] {"queueLength":0,"workRunningCount":0}
[debug] [2021-02-03T15:49:13.125Z] Functions emulator received unknown request at path /favicon.ico
[debug] [2021-02-03T15:51:54.439Z] ----------------------------------------------------------------------
[debug] [2021-02-03T15:51:54.442Z] Command:       /usr/bin/node /usr/local/bin/firebase serve --only functions
[debug] [2021-02-03T15:51:54.443Z] CLI Version:   9.3.0
[debug] [2021-02-03T15:51:54.443Z] Platform:      linux
[debug] [2021-02-03T15:51:54.443Z] Node Version:  v10.19.0
[debug] [2021-02-03T15:51:54.443Z] Time:          Wed Feb 03 2021 17:51:54 GMT+0200 (South Africa Standard Time)
[debug] [2021-02-03T15:51:54.443Z] ----------------------------------------------------------------------
[debug] [2021-02-03T15:51:54.443Z] 
[debug] [2021-02-03T15:51:54.452Z] > command requires scopes: ["email","openid","https://www.googleapis.com/auth/cloudplatformprojects.readonly","https://www.googleapis.com/auth/firebase","https://www.googleapis.com/auth/cloud-platform"]
[debug] [2021-02-03T15:51:54.453Z] > authorizing via signed-in user
[debug] [2021-02-03T15:51:54.453Z] [iam] checking project property24mock-bf46a for permissions ["firebase.projects.get"]
[debug] [2021-02-03T15:51:54.456Z] > refreshing access token with scopes: ["email","https://www.googleapis.com/auth/cloud-platform","https://www.googleapis.com/auth/cloudplatformprojects.readonly","https://www.googleapis.com/auth/firebase","openid"]
[debug] [2021-02-03T15:51:54.457Z] >>> HTTP REQUEST POST https://www.googleapis.com/oauth2/v3/token  
 <request body omitted>
[debug] [2021-02-03T15:51:55.212Z] <<< HTTP RESPONSE 200 {"pragma":"no-cache","date":"Wed, 03 Feb 2021 15:51:55 GMT","cache-control":"no-cache, no-store, max-age=0, must-revalidate","expires":"Mon, 01 Jan 1990 00:00:00 GMT","content-type":"application/json; charset=utf-8","vary":"X-Origin, Referer, Origin,Accept-Encoding","server":"scaffolding on HTTPServer2","x-xss-protection":"0","x-frame-options":"SAMEORIGIN","x-content-type-options":"nosniff","alt-svc":"h3-29=\":443\"; ma=2592000,h3-T051=\":443\"; ma=2592000,h3-Q050=\":443\"; ma=2592000,h3-Q046=\":443\"; ma=2592000,h3-Q043=\":443\"; ma=2592000,quic=\":443\"; ma=2592000; v=\"46,43\"","accept-ranges":"none","transfer-encoding":"chunked"}
[debug] [2021-02-03T15:51:55.323Z] >>> HTTP REQUEST POST https://cloudresourcemanager.googleapis.com/v1/projects/property24mock-bf46a:testIamPermissions  
 {"permissions":["firebase.projects.get"]}
[debug] [2021-02-03T15:51:57.210Z] <<< HTTP RESPONSE 200 {"content-type":"application/json; charset=UTF-8","vary":"X-Origin, Referer, Origin,Accept-Encoding","date":"Wed, 03 Feb 2021 15:51:56 GMT","server":"ESF","cache-control":"private","x-xss-protection":"0","x-frame-options":"SAMEORIGIN","x-content-type-options":"nosniff","server-timing":"gfet4t7; dur=1505","alt-svc":"h3-29=\":443\"; ma=2592000,h3-T051=\":443\"; ma=2592000,h3-Q050=\":443\"; ma=2592000,h3-Q046=\":443\"; ma=2592000,h3-Q043=\":443\"; ma=2592000,quic=\":443\"; ma=2592000; v=\"46,43\"","accept-ranges":"none","transfer-encoding":"chunked"}
[debug] [2021-02-03T15:51:57.216Z] > refreshing access token with scopes: []
[debug] [2021-02-03T15:51:57.217Z] >>> HTTP REQUEST POST https://www.googleapis.com/oauth2/v3/token  
 <request body omitted>
[debug] [2021-02-03T15:51:58.005Z] <<< HTTP RESPONSE 200 {"date":"Wed, 03 Feb 2021 15:51:57 GMT","cache-control":"no-cache, no-store, max-age=0, must-revalidate","pragma":"no-cache","expires":"Mon, 01 Jan 1990 00:00:00 GMT","content-type":"application/json; charset=utf-8","vary":"X-Origin, Referer, Origin,Accept-Encoding","server":"scaffolding on HTTPServer2","x-xss-protection":"0","x-frame-options":"SAMEORIGIN","x-content-type-options":"nosniff","alt-svc":"h3-29=\":443\"; ma=2592000,h3-T051=\":443\"; ma=2592000,h3-Q050=\":443\"; ma=2592000,h3-Q046=\":443\"; ma=2592000,h3-Q043=\":443\"; ma=2592000,quic=\":443\"; ma=2592000; v=\"46,43\"","accept-ranges":"none","transfer-encoding":"chunked"}
[debug] [2021-02-03T15:51:58.115Z] >>> [apiv2][query] GET https://firebase.googleapis.com/v1beta1/projects/property24mock-bf46a [none]
[debug] [2021-02-03T15:51:58.808Z] <<< [apiv2][status] GET https://firebase.googleapis.com/v1beta1/projects/property24mock-bf46a 200
[debug] [2021-02-03T15:51:58.809Z] <<< [apiv2][body] GET https://firebase.googleapis.com/v1beta1/projects/property24mock-bf46a {"projectId":"property24mock-bf46a","projectNumber":"713219223732","displayName":"property24mock","name":"projects/property24mock-bf46a","resources":{"hostingSite":"property24mock-bf46a","storageBucket":"property24mock-bf46a.appspot.com","locationId":"europe-west"},"state":"ACTIVE"}
[warn] ⚠  Your requested "node" version "12" doesn't match your global version "10" {"metadata":{"emulator":{"name":"functions"},"message":"Your requested \"node\" version \"12\" doesn't match your global version \"10\""}}
[debug] [2021-02-03T15:51:58.831Z] defaultcredentials: writing to file /home/ngelemar/.config/firebase/ngelemarweapons_gmail_com_application_default_credentials.json
[debug] [2021-02-03T15:51:58.833Z] Setting GAC to /home/ngelemar/.config/firebase/ngelemarweapons_gmail_com_application_default_credentials.json {"metadata":{"emulator":{"name":"functions"},"message":"Setting GAC to /home/ngelemar/.config/firebase/ngelemarweapons_gmail_com_application_default_credentials.json"}}
[debug] [2021-02-03T15:51:58.834Z] >>> [apiv2][query] GET https://firebase.googleapis.com/v1beta1/projects/property24mock-bf46a/adminSdkConfig [none]
[debug] [2021-02-03T15:51:59.564Z] <<< [apiv2][status] GET https://firebase.googleapis.com/v1beta1/projects/property24mock-bf46a/adminSdkConfig 200
[debug] [2021-02-03T15:51:59.565Z] <<< [apiv2][body] GET https://firebase.googleapis.com/v1beta1/projects/property24mock-bf46a/adminSdkConfig {"projectId":"property24mock-bf46a","storageBucket":"property24mock-bf46a.appspot.com","locationId":"europe-west"}
[info] i  functions: Watching "/home/ngelemar/Documents/projects/zaio/phase2/property24mock/functions" for Cloud Functions... {"metadata":{"emulator":{"name":"functions"},"message":"Watching \"/home/ngelemar/Documents/projects/zaio/phase2/property24mock/functions\" for Cloud Functions..."}}
[debug] [2021-02-03T15:51:59.728Z] [worker-pool] addWorker(~diagnostic~) {"metadata":{"emulator":{"name":"functions"},"message":"[worker-pool] addWorker(~diagnostic~)"}}
[debug] [2021-02-03T15:51:59.728Z] [worker-pool] Adding worker with key ~diagnostic~, total=1 {"metadata":{"emulator":{"name":"functions"},"message":"[worker-pool] Adding worker with key ~diagnostic~, total=1"}}
[debug] [2021-02-03T15:51:59.729Z] [worker-pool] submitWork(triggerId=) {"metadata":{"emulator":{"name":"functions"},"message":"[worker-pool] submitWork(triggerId=)"}}
[debug] [2021-02-03T15:51:59.729Z] [worker-~diagnostic~-e9a1de70-0206-4090-825a-79be96d04413]: Assigning socketPath: /tmp/fire_emu_141903.sock {"metadata":{"emulator":{"name":"functions"},"message":"[worker-~diagnostic~-e9a1de70-0206-4090-825a-79be96d04413]: Assigning socketPath: /tmp/fire_emu_141903.sock"}}
[debug] [2021-02-03T15:51:59.730Z] [worker-~diagnostic~-e9a1de70-0206-4090-825a-79be96d04413]: BUSY {"metadata":{"emulator":{"name":"functions"},"message":"[worker-~diagnostic~-e9a1de70-0206-4090-825a-79be96d04413]: BUSY"}}
[debug] [2021-02-03T15:52:00.438Z] [runtime-status] [141903] Functions runtime initialized. {"cwd":"/home/ngelemar/Documents/projects/zaio/phase2/property24mock/functions","node_version":"10.19.0"} {"metadata":{"emulator":{"name":"functions"},"message":"[runtime-status] [141903] Functions runtime initialized. {\"cwd\":\"/home/ngelemar/Documents/projects/zaio/phase2/property24mock/functions\",\"node_version\":\"10.19.0\"}"}}
[debug] [2021-02-03T15:52:00.440Z] [runtime-status] [141903] Disabled runtime features: undefined {"metadata":{"emulator":{"name":"functions"},"message":"[runtime-status] [141903] Disabled runtime features: undefined"}}
[debug] [2021-02-03T15:52:00.443Z] [runtime-status] [141903] Resolved module firebase-admin {"declared":true,"installed":true,"version":"9.4.2","resolution":"/home/ngelemar/Documents/projects/zaio/phase2/property24mock/functions/node_modules/firebase-admin/lib/index.js"} {"metadata":{"emulator":{"name":"functions"},"message":"[runtime-status] [141903] Resolved module firebase-admin {\"declared\":true,\"installed\":true,\"version\":\"9.4.2\",\"resolution\":\"/home/ngelemar/Documents/projects/zaio/phase2/property24mock/functions/node_modules/firebase-admin/lib/index.js\"}"}}
[debug] [2021-02-03T15:52:00.444Z] [runtime-status] [141903] Resolved module firebase-functions {"declared":true,"installed":true,"version":"3.13.1","resolution":"/home/ngelemar/Documents/projects/zaio/phase2/property24mock/functions/node_modules/firebase-functions/lib/index.js"} {"metadata":{"emulator":{"name":"functions"},"message":"[runtime-status] [141903] Resolved module firebase-functions {\"declared\":true,\"installed\":true,\"version\":\"3.13.1\",\"resolution\":\"/home/ngelemar/Documents/projects/zaio/phase2/property24mock/functions/node_modules/firebase-functions/lib/index.js\"}"}}
[debug] [2021-02-03T15:52:00.445Z] [runtime-status] [141903] Resolved module firebase-functions {"declared":true,"installed":true,"version":"3.13.1","resolution":"/home/ngelemar/Documents/projects/zaio/phase2/property24mock/functions/node_modules/firebase-functions/lib/index.js"} {"metadata":{"emulator":{"name":"functions"},"message":"[runtime-status] [141903] Resolved module firebase-functions {\"declared\":true,\"installed\":true,\"version\":\"3.13.1\",\"resolution\":\"/home/ngelemar/Documents/projects/zaio/phase2/property24mock/functions/node_modules/firebase-functions/lib/index.js\"}"}}
[debug] [2021-02-03T15:52:00.450Z] [runtime-status] [141903] Outgoing network have been stubbed. [{"name":"http","status":"mocked"},{"name":"http","status":"mocked"},{"name":"https","status":"mocked"},{"name":"https","status":"mocked"},{"name":"net","status":"mocked"}] {"metadata":{"emulator":{"name":"functions"},"message":"[runtime-status] [141903] Outgoing network have been stubbed. [{\"name\":\"http\",\"status\":\"mocked\"},{\"name\":\"http\",\"status\":\"mocked\"},{\"name\":\"https\",\"status\":\"mocked\"},{\"name\":\"https\",\"status\":\"mocked\"},{\"name\":\"net\",\"status\":\"mocked\"}]"}}
[debug] [2021-02-03T15:52:00.451Z] [runtime-status] [141903] Resolved module firebase-functions {"declared":true,"installed":true,"version":"3.13.1","resolution":"/home/ngelemar/Documents/projects/zaio/phase2/property24mock/functions/node_modules/firebase-functions/lib/index.js"} {"metadata":{"emulator":{"name":"functions"},"message":"[runtime-status] [141903] Resolved module firebase-functions {\"declared\":true,\"installed\":true,\"version\":\"3.13.1\",\"resolution\":\"/home/ngelemar/Documents/projects/zaio/phase2/property24mock/functions/node_modules/firebase-functions/lib/index.js\"}"}}
[debug] [2021-02-03T15:52:00.499Z] [runtime-status] [141903] Checked functions.config() {"config":{}} {"metadata":{"emulator":{"name":"functions"},"message":"[runtime-status] [141903] Checked functions.config() {\"config\":{}}"}}
[debug] [2021-02-03T15:52:00.500Z] [runtime-status] [141903] firebase-functions has been stubbed. {"functionsResolution":{"declared":true,"installed":true,"version":"3.13.1","resolution":"/home/ngelemar/Documents/projects/zaio/phase2/property24mock/functions/node_modules/firebase-functions/lib/index.js"}} {"metadata":{"emulator":{"name":"functions"},"message":"[runtime-status] [141903] firebase-functions has been stubbed. {\"functionsResolution\":{\"declared\":true,\"installed\":true,\"version\":\"3.13.1\",\"resolution\":\"/home/ngelemar/Documents/projects/zaio/phase2/property24mock/functions/node_modules/firebase-functions/lib/index.js\"}}"}}
[debug] [2021-02-03T15:52:00.500Z] [runtime-status] [141903] Resolved module firebase-functions {"declared":true,"installed":true,"version":"3.13.1","resolution":"/home/ngelemar/Documents/projects/zaio/phase2/property24mock/functions/node_modules/firebase-functions/lib/index.js"} {"metadata":{"emulator":{"name":"functions"},"message":"[runtime-status] [141903] Resolved module firebase-functions {\"declared\":true,\"installed\":true,\"version\":\"3.13.1\",\"resolution\":\"/home/ngelemar/Documents/projects/zaio/phase2/property24mock/functions/node_modules/firebase-functions/lib/index.js\"}"}}
[debug] [2021-02-03T15:52:00.501Z] [runtime-status] [141903] Resolved module firebase-admin {"declared":true,"installed":true,"version":"9.4.2","resolution":"/home/ngelemar/Documents/projects/zaio/phase2/property24mock/functions/node_modules/firebase-admin/lib/index.js"} {"metadata":{"emulator":{"name":"functions"},"message":"[runtime-status] [141903] Resolved module firebase-admin {\"declared\":true,\"installed\":true,\"version\":\"9.4.2\",\"resolution\":\"/home/ngelemar/Documents/projects/zaio/phase2/property24mock/functions/node_modules/firebase-admin/lib/index.js\"}"}}
[debug] [2021-02-03T15:52:00.502Z] [runtime-status] [141903] Resolved module firebase-functions {"declared":true,"installed":true,"version":"3.13.1","resolution":"/home/ngelemar/Documents/projects/zaio/phase2/property24mock/functions/node_modules/firebase-functions/lib/index.js"} {"metadata":{"emulator":{"name":"functions"},"message":"[runtime-status] [141903] Resolved module firebase-functions {\"declared\":true,\"installed\":true,\"version\":\"3.13.1\",\"resolution\":\"/home/ngelemar/Documents/projects/zaio/phase2/property24mock/functions/node_modules/firebase-functions/lib/index.js\"}"}}
[debug] [2021-02-03T15:52:00.502Z] [runtime-status] [141903] firebase-admin has been stubbed. {"adminResolution":{"declared":true,"installed":true,"version":"9.4.2","resolution":"/home/ngelemar/Documents/projects/zaio/phase2/property24mock/functions/node_modules/firebase-admin/lib/index.js"}} {"metadata":{"emulator":{"name":"functions"},"message":"[runtime-status] [141903] firebase-admin has been stubbed. {\"adminResolution\":{\"declared\":true,\"installed\":true,\"version\":\"9.4.2\",\"resolution\":\"/home/ngelemar/Documents/projects/zaio/phase2/property24mock/functions/node_modules/firebase-admin/lib/index.js\"}}"}}
[info] ✔  functions[helloWorld]: http function initialized (http://localhost:5000/property24mock-bf46a/us-central1/helloWorld). {"metadata":{"emulator":{"name":"functions"},"message":"\u001b[1mhttp\u001b[22m function initialized (http://localhost:5000/property24mock-bf46a/us-central1/helloWorld)."}}
[debug] [2021-02-03T15:52:00.506Z] [worker-~diagnostic~-e9a1de70-0206-4090-825a-79be96d04413]: IDLE {"metadata":{"emulator":{"name":"functions"},"message":"[worker-~diagnostic~-e9a1de70-0206-4090-825a-79be96d04413]: IDLE"}}
[debug] [2021-02-03T15:54:34.043Z] [work-queue] {"queueLength":1,"workRunningCount":0}
[debug] [2021-02-03T15:54:34.043Z] [work-queue] {"queueLength":0,"workRunningCount":1}
[debug] [2021-02-03T15:54:34.044Z] Accepted request GET /property24mock-bf46a/us-central1/helloWorld --> helloWorld
[debug] [2021-02-03T15:54:34.051Z] [worker-pool] addWorker(helloWorld) {"metadata":{"emulator":{"name":"functions"},"message":"[worker-pool] addWorker(helloWorld)"}}
[debug] [2021-02-03T15:54:34.051Z] [worker-pool] Adding worker with key helloWorld, total=1 {"metadata":{"emulator":{"name":"functions"},"message":"[worker-pool] Adding worker with key helloWorld, total=1"}}
[debug] [2021-02-03T15:54:34.051Z] [worker-pool] submitWork(triggerId=helloWorld) {"metadata":{"emulator":{"name":"functions"},"message":"[worker-pool] submitWork(triggerId=helloWorld)"}}
[debug] [2021-02-03T15:54:34.052Z] [worker-helloWorld-5a19e1a6-4426-4855-86b0-3a938041c63a]: Assigning socketPath: /tmp/fire_emu_142081.sock {"metadata":{"emulator":{"name":"functions"},"message":"[worker-helloWorld-5a19e1a6-4426-4855-86b0-3a938041c63a]: Assigning socketPath: /tmp/fire_emu_142081.sock"}}
[debug] [2021-02-03T15:54:34.052Z] [worker-helloWorld-5a19e1a6-4426-4855-86b0-3a938041c63a]: BUSY {"metadata":{"emulator":{"name":"functions"},"message":"[worker-helloWorld-5a19e1a6-4426-4855-86b0-3a938041c63a]: BUSY"}}
[debug] [2021-02-03T15:54:34.757Z] [runtime-status] [142081] Functions runtime initialized. {"cwd":"/home/ngelemar/Documents/projects/zaio/phase2/property24mock/functions","node_version":"10.19.0"} {"metadata":{"emulator":{"name":"functions"},"function":{"name":"helloWorld"},"message":"[runtime-status] [142081] Functions runtime initialized. {\"cwd\":\"/home/ngelemar/Documents/projects/zaio/phase2/property24mock/functions\",\"node_version\":\"10.19.0\"}"}}
[debug] [2021-02-03T15:54:34.759Z] [runtime-status] [142081] Disabled runtime features: undefined {"metadata":{"emulator":{"name":"functions"},"function":{"name":"helloWorld"},"message":"[runtime-status] [142081] Disabled runtime features: undefined"}}
[debug] [2021-02-03T15:54:34.762Z] [runtime-status] [142081] Resolved module firebase-admin {"declared":true,"installed":true,"version":"9.4.2","resolution":"/home/ngelemar/Documents/projects/zaio/phase2/property24mock/functions/node_modules/firebase-admin/lib/index.js"} {"metadata":{"emulator":{"name":"functions"},"function":{"name":"helloWorld"},"message":"[runtime-status] [142081] Resolved module firebase-admin {\"declared\":true,\"installed\":true,\"version\":\"9.4.2\",\"resolution\":\"/home/ngelemar/Documents/projects/zaio/phase2/property24mock/functions/node_modules/firebase-admin/lib/index.js\"}"}}
[debug] [2021-02-03T15:54:34.763Z] [runtime-status] [142081] Resolved module firebase-functions {"declared":true,"installed":true,"version":"3.13.1","resolution":"/home/ngelemar/Documents/projects/zaio/phase2/property24mock/functions/node_modules/firebase-functions/lib/index.js"} {"metadata":{"emulator":{"name":"functions"},"function":{"name":"helloWorld"},"message":"[runtime-status] [142081] Resolved module firebase-functions {\"declared\":true,\"installed\":true,\"version\":\"3.13.1\",\"resolution\":\"/home/ngelemar/Documents/projects/zaio/phase2/property24mock/functions/node_modules/firebase-functions/lib/index.js\"}"}}
[debug] [2021-02-03T15:54:34.764Z] [runtime-status] [142081] Resolved module firebase-functions {"declared":true,"installed":true,"version":"3.13.1","resolution":"/home/ngelemar/Documents/projects/zaio/phase2/property24mock/functions/node_modules/firebase-functions/lib/index.js"} {"metadata":{"emulator":{"name":"functions"},"function":{"name":"helloWorld"},"message":"[runtime-status] [142081] Resolved module firebase-functions {\"declared\":true,\"installed\":true,\"version\":\"3.13.1\",\"resolution\":\"/home/ngelemar/Documents/projects/zaio/phase2/property24mock/functions/node_modules/firebase-functions/lib/index.js\"}"}}
[debug] [2021-02-03T15:54:34.769Z] [runtime-status] [142081] Outgoing network have been stubbed. [{"name":"http","status":"mocked"},{"name":"http","status":"mocked"},{"name":"https","status":"mocked"},{"name":"https","status":"mocked"},{"name":"net","status":"mocked"}] {"metadata":{"emulator":{"name":"functions"},"function":{"name":"helloWorld"},"message":"[runtime-status] [142081] Outgoing network have been stubbed. [{\"name\":\"http\",\"status\":\"mocked\"},{\"name\":\"http\",\"status\":\"mocked\"},{\"name\":\"https\",\"status\":\"mocked\"},{\"name\":\"https\",\"status\":\"mocked\"},{\"name\":\"net\",\"status\":\"mocked\"}]"}}
[debug] [2021-02-03T15:54:34.770Z] [runtime-status] [142081] Resolved module firebase-functions {"declared":true,"installed":true,"version":"3.13.1","resolution":"/home/ngelemar/Documents/projects/zaio/phase2/property24mock/functions/node_modules/firebase-functions/lib/index.js"} {"metadata":{"emulator":{"name":"functions"},"function":{"name":"helloWorld"},"message":"[runtime-status] [142081] Resolved module firebase-functions {\"declared\":true,\"installed\":true,\"version\":\"3.13.1\",\"resolution\":\"/home/ngelemar/Documents/projects/zaio/phase2/property24mock/functions/node_modules/firebase-functions/lib/index.js\"}"}}
[debug] [2021-02-03T15:54:34.831Z] [runtime-status] [142081] Checked functions.config() {"config":{}} {"metadata":{"emulator":{"name":"functions"},"function":{"name":"helloWorld"},"message":"[runtime-status] [142081] Checked functions.config() {\"config\":{}}"}}
[debug] [2021-02-03T15:54:34.832Z] [runtime-status] [142081] firebase-functions has been stubbed. {"functionsResolution":{"declared":true,"installed":true,"version":"3.13.1","resolution":"/home/ngelemar/Documents/projects/zaio/phase2/property24mock/functions/node_modules/firebase-functions/lib/index.js"}} {"metadata":{"emulator":{"name":"functions"},"function":{"name":"helloWorld"},"message":"[runtime-status] [142081] firebase-functions has been stubbed. {\"functionsResolution\":{\"declared\":true,\"installed\":true,\"version\":\"3.13.1\",\"resolution\":\"/home/ngelemar/Documents/projects/zaio/phase2/property24mock/functions/node_modules/firebase-functions/lib/index.js\"}}"}}
[debug] [2021-02-03T15:54:34.833Z] [runtime-status] [142081] Resolved module firebase-functions {"declared":true,"installed":true,"version":"3.13.1","resolution":"/home/ngelemar/Documents/projects/zaio/phase2/property24mock/functions/node_modules/firebase-functions/lib/index.js"} {"metadata":{"emulator":{"name":"functions"},"function":{"name":"helloWorld"},"message":"[runtime-status] [142081] Resolved module firebase-functions {\"declared\":true,\"installed\":true,\"version\":\"3.13.1\",\"resolution\":\"/home/ngelemar/Documents/projects/zaio/phase2/property24mock/functions/node_modules/firebase-functions/lib/index.js\"}"}}
[debug] [2021-02-03T15:54:34.834Z] [runtime-status] [142081] Resolved module firebase-admin {"declared":true,"installed":true,"version":"9.4.2","resolution":"/home/ngelemar/Documents/projects/zaio/phase2/property24mock/functions/node_modules/firebase-admin/lib/index.js"} {"metadata":{"emulator":{"name":"functions"},"function":{"name":"helloWorld"},"message":"[runtime-status] [142081] Resolved module firebase-admin {\"declared\":true,\"installed\":true,\"version\":\"9.4.2\",\"resolution\":\"/home/ngelemar/Documents/projects/zaio/phase2/property24mock/functions/node_modules/firebase-admin/lib/index.js\"}"}}
[debug] [2021-02-03T15:54:34.834Z] [runtime-status] [142081] Resolved module firebase-functions {"declared":true,"installed":true,"version":"3.13.1","resolution":"/home/ngelemar/Documents/projects/zaio/phase2/property24mock/functions/node_modules/firebase-functions/lib/index.js"} {"metadata":{"emulator":{"name":"functions"},"function":{"name":"helloWorld"},"message":"[runtime-status] [142081] Resolved module firebase-functions {\"declared\":true,\"installed\":true,\"version\":\"3.13.1\",\"resolution\":\"/home/ngelemar/Documents/projects/zaio/phase2/property24mock/functions/node_modules/firebase-functions/lib/index.js\"}"}}
[debug] [2021-02-03T15:54:34.835Z] [runtime-status] [142081] firebase-admin has been stubbed. {"adminResolution":{"declared":true,"installed":true,"version":"9.4.2","resolution":"/home/ngelemar/Documents/projects/zaio/phase2/property24mock/functions/node_modules/firebase-admin/lib/index.js"}} {"metadata":{"emulator":{"name":"functions"},"function":{"name":"helloWorld"},"message":"[runtime-status] [142081] firebase-admin has been stubbed. {\"adminResolution\":{\"declared\":true,\"installed\":true,\"version\":\"9.4.2\",\"resolution\":\"/home/ngelemar/Documents/projects/zaio/phase2/property24mock/functions/node_modules/firebase-admin/lib/index.js\"}}"}}
[debug] [2021-02-03T15:54:34.837Z] [runtime-status] [142081] Trigger "helloWorld" has been found, beginning invocation! {"metadata":{"emulator":{"name":"functions"},"function":{"name":"helloWorld"},"message":"[runtime-status] [142081] Trigger \"helloWorld\" has been found, beginning invocation!"}}
[info] i  functions: Beginning execution of "helloWorld" {"metadata":{"emulator":{"name":"functions"},"function":{"name":"helloWorld"},"message":"Beginning execution of \"helloWorld\""}}
[debug] [2021-02-03T15:54:34.839Z] [runtime-status] [142081] triggerDefinition {"httpsTrigger":{},"name":"helloWorld","entryPoint":"helloWorld"} {"metadata":{"emulator":{"name":"functions"},"function":{"name":"helloWorld"},"message":"[runtime-status] [142081] triggerDefinition {\"httpsTrigger\":{},\"name\":\"helloWorld\",\"entryPoint\":\"helloWorld\"}"}}
[debug] [2021-02-03T15:54:34.839Z] [runtime-status] [142081] Running helloWorld in mode HTTPS {"metadata":{"emulator":{"name":"functions"},"function":{"name":"helloWorld"},"message":"[runtime-status] [142081] Running helloWorld in mode HTTPS"}}
[debug] [2021-02-03T15:54:34.845Z] [runtime-status] [142081] Attempting to listen to socketPath: /tmp/fire_emu_142081.sock {"metadata":{"emulator":{"name":"functions"},"function":{"name":"helloWorld"},"message":"[runtime-status] [142081] Attempting to listen to socketPath: /tmp/fire_emu_142081.sock"}}
[debug] [2021-02-03T15:54:34.854Z] [functions] Runtime ready! Sending request! {"metadata":{"emulator":{"name":"functions"},"message":"[functions] Runtime ready! Sending request!"}}
[debug] [2021-02-03T15:54:34.856Z] [functions] Got req.url=/property24mock-bf46a/us-central1/helloWorld, mapping to path=/ {"metadata":{"emulator":{"name":"functions"},"message":"[functions] Got req.url=/property24mock-bf46a/us-central1/helloWorld, mapping to path=/"}}
[debug] [2021-02-03T15:54:34.867Z] [runtime-status] [142081] Ephemeral server handling GET request {"metadata":{"emulator":{"name":"functions"},"function":{"name":"helloWorld"},"message":"[runtime-status] [142081] Ephemeral server handling GET request"}}
[info] >  {"structuredData":true,"severity":"INFO","message":"Hello logs!"} {"user":{"structuredData":true,"severity":"INFO","message":"Hello logs!"},"metadata":{"emulator":{"name":"functions"},"function":{"name":"helloWorld"},"message":"\u001b[90m> \u001b[39m {\"structuredData\":true,\"severity\":\"INFO\",\"message\":\"Hello logs!\"}"}}
[debug] [2021-02-03T15:54:34.879Z] [runtime-status] [142081] Ephemeral server survived. {"metadata":{"emulator":{"name":"functions"},"function":{"name":"helloWorld"},"message":"[runtime-status] [142081] Ephemeral server survived."}}
[info] i  functions: Finished "helloWorld" in ~1s {"metadata":{"emulator":{"name":"functions"},"function":{"name":"helloWorld"},"message":"Finished \"helloWorld\" in ~1s"}}
[debug] [2021-02-03T15:54:34.883Z] [worker-helloWorld-5a19e1a6-4426-4855-86b0-3a938041c63a]: IDLE {"metadata":{"emulator":{"name":"functions"},"message":"[worker-helloWorld-5a19e1a6-4426-4855-86b0-3a938041c63a]: IDLE"}}
[debug] [2021-02-03T15:54:34.883Z] [work-queue] {"queueLength":0,"workRunningCount":0}
